{
  "RSpec": {
    "coverage": {
      "/Users/Viktor/CraftAcademy/movie-selector-api-june-2020/app/controllers/application_controller.rb": [
        1,
        null
      ],
      "/Users/Viktor/CraftAcademy/movie-selector-api-june-2020/app/controllers/api/v1/movies_controller.rb": [
        1,
        1,
        1,
        1,
        1,
        1,
        1,
        1,
        1,
        null,
        null
      ],
      "/Users/Viktor/CraftAcademy/movie-selector-api-june-2020/app/mailers/application_mailer.rb": [
        0,
        0,
        0,
        0
      ],
      "/Users/Viktor/CraftAcademy/movie-selector-api-june-2020/app/models/application_record.rb": [
        0,
        0,
        0
      ],
      "/Users/Viktor/CraftAcademy/movie-selector-api-june-2020/app/jobs/application_job.rb": [
        0,
        null,
        null,
        null,
        null,
        null,
        0
      ],
      "/Users/Viktor/CraftAcademy/movie-selector-api-june-2020/app/channels/application_cable/connection.rb": [
        0,
        0,
        0,
        0
      ],
      "/Users/Viktor/CraftAcademy/movie-selector-api-june-2020/app/channels/application_cable/channel.rb": [
        0,
        0,
        0,
        0
      ]
    },
    "timestamp": 1594912508
  }
}
